2015-02-12 17:05:12.768 [info] <0.325.0> Application lager started on node 'lycosmessenger_release@127.0.0.1'
2015-02-12 17:05:14.502 [info]   Req2 {http_req,#Port<0.1390>,ranch_tcp,keepalive,<0.539.0>,<<"POST">>,'HTTP/1.1',{{127,0,0,1},60916},<<"localhost">>,undefined,10003,<<"/user/checkphone">>,undefined,<<>>,undefined,[],[{<<"host">>,<<"localhost:10003">>},{<<"connection">>,<<"keep-alive">>},{<<"content-length">>,<<"39">>},{<<"cache-control">>,<<"no-cache">>},{<<"origin">>,<<"chrome-extension://fdmmgilgnpjigdojojpjoooidkmcomcm">>},{<<"user-agent">>,<<"Mozilla/5.0 (X11; Linux x86_64) AppleWebKit/537.36 (KHTML, like Gecko) Chrome/41.0.2272.43 Safari/537.36">>},{<<"content-type">>,<<"application/json">>},{<<"accept">>,<<"*/*">>},{<<"accept-encoding">>,<<"gzip, deflate">>},{<<"accept-language">>,<<"en-US,en;q=0.8">>}],[{<<"content-length">>,39},{<<"expect">>,undefined},{<<"content-length">>,39},{<<"content-type">>,{<<"application">>,<<"json">>,[]}},{<<"if-modified-since">>,undefined},{<<"if-none-match">>,undefined},{<<"if-unmodified-since">>,undefined},{<<"if-match">>,undefined},{<<"accept">>,[{{<<"*">>,<<"*">>,[]},1000,[]}]},{<<"connection">>,[<<"keep-alive">>]}],undefined,[{charset,undefined},{media_type,{<<"text">>,<<"html">>,[]}}],done,undefined,<<>>,false,waiting,[{<<"content-type">>,[<<"text">>,<<"/">>,<<"html">>,<<>>]}],<<>>,undefined} 
2015-02-12 17:05:14.502 [info]   UserName1 "raj" 
2015-02-12 17:05:33.481 [warning] <0.324.0> lager_error_logger_h dropped 60 messages in the last second that exceeded the limit of 50 messages/sec
2015-02-12 17:05:33.481 [info] <0.380.0> /home/waheguru/Projects/erlang-projects/lycosmessenger/src/checkphone_handler.erl:0: Recompiled.
2015-02-12 17:05:33.509 [info] <0.380.0> checkphone_handler: Reloaded! (Beam changed.)
2015-02-12 17:05:36.380 [info]   Req2 {http_req,#Port<0.1431>,ranch_tcp,keepalive,<0.598.0>,<<"POST">>,'HTTP/1.1',{{127,0,0,1},60918},<<"localhost">>,undefined,10003,<<"/user/checkphone">>,undefined,<<>>,undefined,[],[{<<"host">>,<<"localhost:10003">>},{<<"connection">>,<<"keep-alive">>},{<<"content-length">>,<<"39">>},{<<"cache-control">>,<<"no-cache">>},{<<"origin">>,<<"chrome-extension://fdmmgilgnpjigdojojpjoooidkmcomcm">>},{<<"user-agent">>,<<"Mozilla/5.0 (X11; Linux x86_64) AppleWebKit/537.36 (KHTML, like Gecko) Chrome/41.0.2272.43 Safari/537.36">>},{<<"content-type">>,<<"application/json">>},{<<"accept">>,<<"*/*">>},{<<"accept-encoding">>,<<"gzip, deflate">>},{<<"accept-language">>,<<"en-US,en;q=0.8">>}],[{<<"content-length">>,39},{<<"expect">>,undefined},{<<"content-length">>,39},{<<"content-type">>,{<<"application">>,<<"json">>,[]}},{<<"if-modified-since">>,undefined},{<<"if-none-match">>,undefined},{<<"if-unmodified-since">>,undefined},{<<"if-match">>,undefined},{<<"accept">>,[{{<<"*">>,<<"*">>,[]},1000,[]}]},{<<"connection">>,[<<"keep-alive">>]}],undefined,[{charset,undefined},{media_type,{<<"text">>,<<"html">>,[]}}],done,undefined,<<>>,false,waiting,[{<<"content-type">>,[<<"text">>,<<"/">>,<<"html">>,<<>>]}],<<>>,undefined} 
2015-02-12 17:05:36.380 [info]   UserName1 "raj" 
2015-02-12 19:57:29.821 [error] <0.380.0> /home/waheguru/Projects/erlang-projects/lycosmessenger/src/checkphone_handler.erl:4: Error: function welcome/2 undefined
/home/waheguru/Projects/erlang-projects/lycosmessenger/src/checkphone_handler.erl:30: Error: syntax error before: '}'
/home/waheguru/Projects/erlang-projects/lycosmessenger/src/checkphone_handler.erl:33: Error: syntax error before: Resp
2015-02-12 19:57:34.923 [error] <0.380.0> /home/waheguru/Projects/erlang-projects/lycosmessenger/src/checkphone_handler.erl:4: Error: function welcome/2 undefined
/home/waheguru/Projects/erlang-projects/lycosmessenger/src/checkphone_handler.erl:30: Error: syntax error before: '}'
/home/waheguru/Projects/erlang-projects/lycosmessenger/src/checkphone_handler.erl:33: Error: syntax error before: Resp
2015-02-12 19:57:46.174 [error] <0.380.0> /home/waheguru/Projects/erlang-projects/lycosmessenger/src/checkphone_handler.erl:4: Error: function welcome/2 undefined
/home/waheguru/Projects/erlang-projects/lycosmessenger/src/checkphone_handler.erl:30: Error: syntax error before: '}'
/home/waheguru/Projects/erlang-projects/lycosmessenger/src/checkphone_handler.erl:46: Error: syntax error before: Res1
2015-02-12 19:57:54.289 [error] <0.380.0> /home/waheguru/Projects/erlang-projects/lycosmessenger/src/checkphone_handler.erl:4: Error: function welcome/2 undefined
/home/waheguru/Projects/erlang-projects/lycosmessenger/src/checkphone_handler.erl:30: Error: syntax error before: '}'
/home/waheguru/Projects/erlang-projects/lycosmessenger/src/checkphone_handler.erl:46: Error: syntax error before: Res1
2015-02-12 19:58:48.101 [error] <0.380.0> /home/waheguru/Projects/erlang-projects/lycosmessenger/src/checkphone_handler.erl:4: Error: function welcome/2 undefined
/home/waheguru/Projects/erlang-projects/lycosmessenger/src/checkphone_handler.erl:29: Error: syntax error before: '}'
/home/waheguru/Projects/erlang-projects/lycosmessenger/src/checkphone_handler.erl:45: Error: syntax error before: Res1
2015-02-12 19:59:02.503 [error] <0.380.0> /home/waheguru/Projects/erlang-projects/lycosmessenger/src/checkphone_handler.erl:4: Error: function welcome/2 undefined
/home/waheguru/Projects/erlang-projects/lycosmessenger/src/checkphone_handler.erl:29: Error: syntax error before: '}'
2015-02-12 19:59:26.720 [info] <0.380.0> /home/waheguru/Projects/erlang-projects/lycosmessenger/src/checkphone_handler.erl:0: Recompiled.
2015-02-12 19:59:26.770 [info] <0.380.0> checkphone_handler: Reloaded! (Beam changed.)
2015-02-12 19:59:33.540 [info]   Req2 {http_req,#Port<0.1586>,ranch_tcp,keepalive,<0.24001.0>,<<"POST">>,'HTTP/1.1',{{127,0,0,1},33563},<<"localhost">>,undefined,10003,<<"/user/checkphone">>,undefined,<<>>,undefined,[],[{<<"host">>,<<"localhost:10003">>},{<<"connection">>,<<"keep-alive">>},{<<"content-length">>,<<"39">>},{<<"cache-control">>,<<"no-cache">>},{<<"origin">>,<<"chrome-extension://fdmmgilgnpjigdojojpjoooidkmcomcm">>},{<<"user-agent">>,<<"Mozilla/5.0 (X11; Linux x86_64) AppleWebKit/537.36 (KHTML, like Gecko) Chrome/41.0.2272.43 Safari/537.36">>},{<<"content-type">>,<<"application/json">>},{<<"accept">>,<<"*/*">>},{<<"accept-encoding">>,<<"gzip, deflate">>},{<<"accept-language">>,<<"en-US,en;q=0.8">>}],[{<<"content-length">>,39},{<<"expect">>,undefined},{<<"content-length">>,39},{<<"content-type">>,{<<"application">>,<<"json">>,[]}},{<<"if-modified-since">>,undefined},{<<"if-none-match">>,undefined},{<<"if-unmodified-since">>,undefined},{<<"if-match">>,undefined},{<<"accept">>,[{{<<"*">>,<<"*">>,[]},1000,[]}]},{<<"connection">>,[<<"keep-alive">>]}],undefined,[{charset,undefined},{media_type,{<<"text">>,<<"html">>,[]}}],done,undefined,<<>>,false,waiting,[{<<"content-type">>,[<<"text">>,<<"/">>,<<"html">>,<<>>]}],<<>>,undefined} 
2015-02-12 19:59:33.540 [info]   UserName1 "raj" 
2015-02-12 19:59:42.029 [info]   Req2 {http_req,#Port<0.1587>,ranch_tcp,keepalive,<0.24021.0>,<<"POST">>,'HTTP/1.1',{{127,0,0,1},33565},<<"localhost">>,undefined,10003,<<"/user/checkphone">>,undefined,<<>>,undefined,[],[{<<"host">>,<<"localhost:10003">>},{<<"connection">>,<<"keep-alive">>},{<<"content-length">>,<<"40">>},{<<"cache-control">>,<<"no-cache">>},{<<"origin">>,<<"chrome-extension://fdmmgilgnpjigdojojpjoooidkmcomcm">>},{<<"user-agent">>,<<"Mozilla/5.0 (X11; Linux x86_64) AppleWebKit/537.36 (KHTML, like Gecko) Chrome/41.0.2272.43 Safari/537.36">>},{<<"content-type">>,<<"application/json">>},{<<"accept">>,<<"*/*">>},{<<"accept-encoding">>,<<"gzip, deflate">>},{<<"accept-language">>,<<"en-US,en;q=0.8">>}],[{<<"content-length">>,40},{<<"expect">>,undefined},{<<"content-length">>,40},{<<"content-type">>,{<<"application">>,<<"json">>,[]}},{<<"if-modified-since">>,undefined},{<<"if-none-match">>,undefined},{<<"if-unmodified-since">>,undefined},{<<"if-match">>,undefined},{<<"accept">>,[{{<<"*">>,<<"*">>,[]},1000,[]}]},{<<"connection">>,[<<"keep-alive">>]}],undefined,[{charset,undefined},{media_type,{<<"text">>,<<"html">>,[]}}],done,undefined,<<>>,false,waiting,[{<<"content-type">>,[<<"text">>,<<"/">>,<<"html">>,<<>>]}],<<>>,undefined} 
2015-02-12 19:59:42.030 [info]   UserName1 "raj" 
2015-02-12 19:59:57.937 [info] <0.380.0> /home/waheguru/Projects/erlang-projects/lycosmessenger/src/checkphone_handler.erl:0: Recompiled.
2015-02-12 19:59:57.957 [info] <0.380.0> checkphone_handler: Reloaded! (Beam changed.)
