2015-02-12 19:57:29 =ERROR REPORT====
/home/waheguru/Projects/erlang-projects/lycosmessenger/src/checkphone_handler.erl:4: Error: function welcome/2 undefined
/home/waheguru/Projects/erlang-projects/lycosmessenger/src/checkphone_handler.erl:30: Error: syntax error before: '}'
/home/waheguru/Projects/erlang-projects/lycosmessenger/src/checkphone_handler.erl:33: Error: syntax error before: Resp
2015-02-12 19:57:34 =ERROR REPORT====
/home/waheguru/Projects/erlang-projects/lycosmessenger/src/checkphone_handler.erl:4: Error: function welcome/2 undefined
/home/waheguru/Projects/erlang-projects/lycosmessenger/src/checkphone_handler.erl:30: Error: syntax error before: '}'
/home/waheguru/Projects/erlang-projects/lycosmessenger/src/checkphone_handler.erl:33: Error: syntax error before: Resp
2015-02-12 19:57:46 =ERROR REPORT====
/home/waheguru/Projects/erlang-projects/lycosmessenger/src/checkphone_handler.erl:4: Error: function welcome/2 undefined
/home/waheguru/Projects/erlang-projects/lycosmessenger/src/checkphone_handler.erl:30: Error: syntax error before: '}'
/home/waheguru/Projects/erlang-projects/lycosmessenger/src/checkphone_handler.erl:46: Error: syntax error before: Res1
2015-02-12 19:57:54 =ERROR REPORT====
/home/waheguru/Projects/erlang-projects/lycosmessenger/src/checkphone_handler.erl:4: Error: function welcome/2 undefined
/home/waheguru/Projects/erlang-projects/lycosmessenger/src/checkphone_handler.erl:30: Error: syntax error before: '}'
/home/waheguru/Projects/erlang-projects/lycosmessenger/src/checkphone_handler.erl:46: Error: syntax error before: Res1
2015-02-12 19:58:48 =ERROR REPORT====
/home/waheguru/Projects/erlang-projects/lycosmessenger/src/checkphone_handler.erl:4: Error: function welcome/2 undefined
/home/waheguru/Projects/erlang-projects/lycosmessenger/src/checkphone_handler.erl:29: Error: syntax error before: '}'
/home/waheguru/Projects/erlang-projects/lycosmessenger/src/checkphone_handler.erl:45: Error: syntax error before: Res1
2015-02-12 19:59:02 =ERROR REPORT====
/home/waheguru/Projects/erlang-projects/lycosmessenger/src/checkphone_handler.erl:4: Error: function welcome/2 undefined
/home/waheguru/Projects/erlang-projects/lycosmessenger/src/checkphone_handler.erl:29: Error: syntax error before: '}'
